Worker 57 terminated.
UNHANDLED TASK ERROR: EOFError: read end of file
Stacktrace:
 [1] (::Base.var"#wait_locked#645")(s::Sockets.TCPSocket, buf::IOBuffer, nb::Int64)
   @ Base ./stream.jl:892
 [2] unsafe_read(s::Sockets.TCPSocket, p::Ptr{UInt8}, nb::UInt64)
   @ Base ./stream.jl:900
 [3] unsafe_read
   @ ./io.jl:724 [inlined]
 [4] unsafe_read(s::Sockets.TCPSocket, p::Base.RefValue{NTuple{4, Int64}}, n::Int64)
   @ Base ./io.jl:723
 [5] read!
   @ ./io.jl:725 [inlined]
 [6] deserialize_hdr_raw
   @ /central/software/julia/1.7.0/share/julia/stdlib/v1.7/Distributed/src/messages.jl:167 [inlined]
 [7] message_handler_loop(r_stream::Sockets.TCPSocket, w_stream::Sockets.TCPSocket, incoming::Bool)
   @ Distributed /central/software/julia/1.7.0/share/julia/stdlib/v1.7/Distributed/src/process_messages.jl:165
 [8] process_tcp_streams(r_stream::Sockets.TCPSocket, w_stream::Sockets.TCPSocket, incoming::Bool)
   @ Distributed /central/software/julia/1.7.0/share/julia/stdlib/v1.7/Distributed/src/process_messages.jl:126
 [9] (::Distributed.var"#99#100"{Sockets.TCPSocket, Sockets.TCPSocket, Bool})()
   @ Distributed ./task.jl:423
Worker 6 terminated.
UNHANDLED TASK ERROR: EOFError: read end of file
Stacktrace:
 [1] (::Base.var"#wait_locked#645")(s::Sockets.TCPSocket, buf::IOBuffer, nb::Int64)
   @ Base ./stream.jl:892
 [2] unsafe_read(s::Sockets.TCPSocket, p::Ptr{UInt8}, nb::UInt64)
   @ Base ./stream.jl:900
 [3] unsafe_read
   @ ./io.jl:724 [inlined]
 [4] unsafe_read(s::Sockets.TCPSocket, p::Base.RefValue{NTuple{4, Int64}}, n::Int64)
   @ Base ./io.jl:723
 [5] read!
   @ ./io.jl:725 [inlined]
 [6] deserialize_hdr_raw
   @ /central/software/julia/1.7.0/share/julia/stdlib/v1.7/Distributed/src/messages.jl:167 [inlined]
 [7] message_handler_loop(r_stream::Sockets.TCPSocket, w_stream::Sockets.TCPSocket, incoming::Bool)
   @ Distributed /central/software/julia/1.7.0/share/julia/stdlib/v1.7/Distributed/src/process_messages.jl:165
 [8] process_tcp_streams(r_stream::Sockets.TCPSocket, w_stream::Sockets.TCPSocket, incoming::Bool)
   @ Distributed /central/software/julia/1.7.0/share/julia/stdlib/v1.7/Distributed/src/process_messages.jl:126
 [9] (::Distributed.var"#99#100"{Sockets.TCPSocket, Sockets.TCPSocket, Bool})()
   @ Distributed ./task.jl:423
Worker 81 terminated.
UNHANDLED TASK ERROR: IOError: read: connection reset by peer (ECONNRESET)
Stacktrace:
 [1] wait_readnb(x::Sockets.TCPSocket, nb::Int64)
   @ Base ./stream.jl:408
 [2] (::Base.var"#wait_locked#644")(s::Sockets.TCPSocket, buf::IOBuffer, nb::Int64)
   @ Base ./stream.jl:848
 [3] readbytes!(s::Sockets.TCPSocket, a::Vector{UInt8}, nb::Int64)
   @ Base ./stream.jl:854
 [4] read(s::Sockets.TCPSocket, nb::Int64)
   @ Base ./io.jl:965
 [5] process_hdr(s::Sockets.TCPSocket, validate_cookie::Bool)
   @ Distributed /central/software/julia/1.7.0/share/julia/stdlib/v1.7/Distributed/src/process_messages.jl:265
 [6] message_handler_loop(r_stream::Sockets.TCPSocket, w_stream::Sockets.TCPSocket, incoming::Bool)
   @ Distributed /central/software/julia/1.7.0/share/julia/stdlib/v1.7/Distributed/src/process_messages.jl:151
 [7] process_tcp_streams(r_stream::Sockets.TCPSocket, w_stream::Sockets.TCPSocket, incoming::Bool)
   @ Distributed /central/software/julia/1.7.0/share/julia/stdlib/v1.7/Distributed/src/process_messages.jl:126
 [8] (::Distributed.var"#99#100"{Sockets.TCPSocket, Sockets.TCPSocket, Bool})()
   @ Distributed ./task.jl:423
Worker 95 terminated.
UNHANDLED TASK ERROR: IOError: read: connection reset by peer (ECONNRESET)
Stacktrace:
 [1] wait_readnb(x::Sockets.TCPSocket, nb::Int64)
   @ Base ./stream.jl:408
 [2] (::Base.var"#wait_locked#644")(s::Sockets.TCPSocket, buf::IOBuffer, nb::Int64)
   @ Base ./stream.jl:848
 [3] readbytes!(s::Sockets.TCPSocket, a::Vector{UInt8}, nb::Int64)
   @ Base ./stream.jl:854
 [4] read(s::Sockets.TCPSocket, nb::Int64)
   @ Base ./io.jl:965
 [5] process_hdr(s::Sockets.TCPSocket, validate_cookie::Bool)
   @ Distributed /central/software/julia/1.7.0/share/julia/stdlib/v1.7/Distributed/src/process_messages.jl:265
 [6] message_handler_loop(r_stream::Sockets.TCPSocket, w_stream::Sockets.TCPSocket, incoming::Bool)
   @ Distributed /central/software/julia/1.7.0/share/julia/stdlib/v1.7/Distributed/src/process_messages.jl:151
 [7] process_tcp_streams(r_stream::Sockets.TCPSocket, w_stream::Sockets.TCPSocket, incoming::Bool)
   @ Distributed /central/software/julia/1.7.0/share/julia/stdlib/v1.7/Distributed/src/process_messages.jl:126
 [8] (::Distributed.var"#99#100"{Sockets.TCPSocket, Sockets.TCPSocket, Bool})()
   @ Distributed ./task.jl:423
Worker 87 terminated.
UNHANDLED TASK ERROR: IOError: read: connection reset by peer (ECONNRESET)
Stacktrace:
 [1] wait_readnb(x::Sockets.TCPSocket, nb::Int64)
   @ Base ./stream.jl:408
 [2] (::Base.var"#wait_locked#644")(s::Sockets.TCPSocket, buf::IOBuffer, nb::Int64)
   @ Base ./stream.jl:848
 [3] readbytes!(s::Sockets.TCPSocket, a::Vector{UInt8}, nb::Int64)
   @ Base ./stream.jl:854
 [4] read(s::Sockets.TCPSocket, nb::Int64)
   @ Base ./io.jl:965
 [5] process_hdr(s::Sockets.TCPSocket, validate_cookie::Bool)
   @ Distributed /central/software/julia/1.7.0/share/julia/stdlib/v1.7/Distributed/src/process_messages.jl:265
 [6] message_handler_loop(r_stream::Sockets.TCPSocket, w_stream::Sockets.TCPSocket, incoming::Bool)
   @ Distributed /central/software/julia/1.7.0/share/julia/stdlib/v1.7/Distributed/src/process_messages.jl:151
 [7] process_tcp_streams(r_stream::Sockets.TCPSocket, w_stream::Sockets.TCPSocket, incoming::Bool)
   @ Distributed /central/software/julia/1.7.0/share/julia/stdlib/v1.7/Distributed/src/process_messages.jl:126
 [8] (::Distributed.var"#99#100"{Sockets.TCPSocket, Sockets.TCPSocket, Bool})()
   @ Distributed ./task.jl:423
ERROR: TaskFailedException

    nested task error: worker did not connect within 60.0 seconds
    Stacktrace:
     [1] error(s::String)
       @ Base ./error.jl:33
     [2] create_worker(manager::Distributed.LocalManager, wconfig::WorkerConfig)
       @ Distributed /central/software/julia/1.7.0/share/julia/stdlib/v1.7/Distributed/src/cluster.jl:687
     [3] setup_launched_worker(manager::Distributed.LocalManager, wconfig::WorkerConfig, launched_q::Vector{Int64})
       @ Distributed /central/software/julia/1.7.0/share/julia/stdlib/v1.7/Distributed/src/cluster.jl:541
     [4] (::Distributed.var"#41#44"{Distributed.LocalManager, Vector{Int64}, WorkerConfig})()
       @ Distributed ./task.jl:423

...and 4 more exceptions.

Stacktrace:
  [1] sync_end(c::Channel{Any})
    @ Base ./task.jl:381
  [2] macro expansion
    @ ./task.jl:400 [inlined]
  [3] addprocs_locked(manager::Distributed.LocalManager; kwargs::Base.Pairs{Symbol, Cmd, Tuple{Symbol}, NamedTuple{(:exeflags,), Tuple{Cmd}}})
    @ Distributed /central/software/julia/1.7.0/share/julia/stdlib/v1.7/Distributed/src/cluster.jl:487
  [4] addprocs(manager::Distributed.LocalManager; kwargs::Base.Pairs{Symbol, Cmd, Tuple{Symbol}, NamedTuple{(:exeflags,), Tuple{Cmd}}})
    @ Distributed /central/software/julia/1.7.0/share/julia/stdlib/v1.7/Distributed/src/cluster.jl:447
  [5] #addprocs#257
    @ /central/software/julia/1.7.0/share/julia/stdlib/v1.7/Distributed/src/managers.jl:436 [inlined]
  [6] process_opts(opts::Base.JLOptions)
    @ Distributed /central/software/julia/1.7.0/share/julia/stdlib/v1.7/Distributed/src/cluster.jl:1334
  [7] #invokelatest#2
    @ ./essentials.jl:716 [inlined]
  [8] invokelatest
    @ ./essentials.jl:714 [inlined]
  [9] exec_options(opts::Base.JLOptions)
    @ Base ./client.jl:252
 [10] _start()
    @ Base ./client.jl:495
┌ Warning: Forcibly interrupting busy workers
│   exception = IOError: stream is closed or unusable
└ @ Distributed /buildworker/worker/package_linux64/build/usr/share/julia/stdlib/v1.7/Distributed/src/cluster.jl:1249
┌ Error: Unable to terminate all workers
│   exception =
│    IOError: stream is closed or unusable
│    Stacktrace:
│      [1] check_open
│        @ ./stream.jl:386 [inlined]
│      [2] uv_write_async(s::Sockets.TCPSocket, p::Ptr{UInt8}, n::UInt64)
│        @ Base ./stream.jl:1018
│      [3] uv_write(s::Sockets.TCPSocket, p::Ptr{UInt8}, n::UInt64)
│        @ Base ./stream.jl:981
│      [4] uv_write
│        @ ./stream.jl:977 [inlined]
│      [5] flush(s::Sockets.TCPSocket)
│        @ Base ./stream.jl:1073
│      [6] send_msg_(w::Distributed.Worker, header::Distributed.MsgHeader, msg::Distributed.RemoteDoMsg, now::Bool)
│        @ Distributed /central/software/julia/1.7.0/share/julia/stdlib/v1.7/Distributed/src/messages.jl:187
│      [7] send_msg
│        @ /central/software/julia/1.7.0/share/julia/stdlib/v1.7/Distributed/src/messages.jl:122 [inlined]
│      [8] #remote_do#165
│        @ /central/software/julia/1.7.0/share/julia/stdlib/v1.7/Distributed/src/remotecall.jl:519 [inlined]
│      [9] remote_do
│        @ /central/software/julia/1.7.0/share/julia/stdlib/v1.7/Distributed/src/remotecall.jl:519 [inlined]
│     [10] #remote_do#166
│        @ /central/software/julia/1.7.0/share/julia/stdlib/v1.7/Distributed/src/remotecall.jl:544 [inlined]
│     [11] remote_do
│        @ /central/software/julia/1.7.0/share/julia/stdlib/v1.7/Distributed/src/remotecall.jl:544 [inlined]
│     [12] kill(manager::Distributed.LocalManager, pid::Int64, config::WorkerConfig)
│        @ Distributed /central/software/julia/1.7.0/share/julia/stdlib/v1.7/Distributed/src/managers.jl:668
│     [13] _rmprocs(pids::Vector{Int64}, waitfor::Float64)
│        @ Distributed /central/software/julia/1.7.0/share/julia/stdlib/v1.7/Distributed/src/cluster.jl:1050
│     [14] rmprocs(pids::Vector{Int64}; waitfor::Float64)
│        @ Distributed /central/software/julia/1.7.0/share/julia/stdlib/v1.7/Distributed/src/cluster.jl:1033
│     [15] terminate_all_workers()
│        @ Distributed /central/software/julia/1.7.0/share/julia/stdlib/v1.7/Distributed/src/cluster.jl:1253
│     [16] _atexit()
│        @ Base ./initdefs.jl:350
│     [17] exit
│        @ ./initdefs.jl:28 [inlined]
│     [18] _start()
│        @ Base ./client.jl:498
└ @ Distributed /buildworker/worker/package_linux64/build/usr/share/julia/stdlib/v1.7/Distributed/src/cluster.jl:1255
      From worker 47:	Master process (id 1) could not connect within 60.0 seconds.
      From worker 47:	exiting.
      From worker 48:	Master process (id 1) could not connect within 60.0 seconds.
      From worker 48:	exiting.
slurmstepd: error: Detected 313 oom-kill event(s) in step 21602769.batch cgroup. Some of your processes may have been killed by the cgroup out-of-memory handler.
